Build started 2/6/2018 7:59:30 PM.
Project "C:\Users\Atchima\Desktop\MendelSimulation\MendelSimulation\MendelSimulation.vcxproj" on node 2 (Build target(s)).
ClCompile:
  C:\Program Files (x86)\Microsoft Visual Studio 11.0\VC\bin\CL.exe /c /ZI /nologo /W3 /WX- /sdl /Od /Oy- /D WIN32 /D _DEBUG /D _CONSOLE /D _UNICODE /D UNICODE /Gm /EHsc /RTC1 /MDd /GS /fp:precise /Zc:wchar_t /Zc:forScope /Fo"Debug\\" /Fd"Debug\vc110.pdb" /Gd /TP /wd4996 /analyze- /errorReport:prompt BinaryTree.cpp Breed.cpp Gene.cpp GeneMaster.cpp GeneticsSimDataParser.cpp Main.cpp OffspringReader.cpp Organism.cpp Simulation.cpp
  Organism.cpp
  OffspringReader.cpp
  Main.cpp
  GeneticsSimDataParser.cpp
  GeneMaster.cpp
  Gene.cpp
  Breed.cpp
  BinaryTree.cpp
  Generating Code...
  Skipping... (no relevant changes detected)
  Simulation.cpp
Link:
  C:\Program Files (x86)\Microsoft Visual Studio 11.0\VC\bin\link.exe /ERRORREPORT:PROMPT /OUT:"C:\Users\Atchima\Desktop\MendelSimulation\Debug\MendelSimulation.exe" /INCREMENTAL /NOLOGO kernel32.lib user32.lib gdi32.lib winspool.lib comdlg32.lib advapi32.lib shell32.lib ole32.lib oleaut32.lib uuid.lib odbc32.lib odbccp32.lib /MANIFEST /MANIFESTUAC:"level='asInvoker' uiAccess='false'" /manifest:embed /DEBUG /PDB:"C:\Users\Atchima\Desktop\MendelSimulation\Debug\MendelSimulation.pdb" /SUBSYSTEM:CONSOLE /TLBID:1 /DYNAMICBASE /NXCOMPAT /IMPLIB:"C:\Users\Atchima\Desktop\MendelSimulation\Debug\MendelSimulation.lib" /MACHINE:X86 Debug\BinaryTree.obj
  Debug\Breed.obj
  Debug\Gene.obj
  Debug\GeneMaster.obj
  Debug\GeneticsSimDataParser.obj
  Debug\Main.obj
  Debug\OffspringReader.obj
  Debug\Organism.obj
  Debug\Simulation.obj
  MendelSimulation.vcxproj -> C:\Users\Atchima\Desktop\MendelSimulation\Debug\MendelSimulation.exe
Done Building Project "C:\Users\Atchima\Desktop\MendelSimulation\MendelSimulation\MendelSimulation.vcxproj" (Build target(s)).

Build succeeded.

Time Elapsed 00:00:09.65
