C:\USERS\ATCHIMA\DESKTOP\UAH\CS307\PROG1\MENDELSIMULATION\MENDELSIMULATION\DEBUG\BINARYTREE.OBJ
C:\USERS\ATCHIMA\DESKTOP\UAH\CS307\PROG1\MENDELSIMULATION\MENDELSIMULATION\DEBUG\BREED.OBJ
C:\USERS\ATCHIMA\DESKTOP\UAH\CS307\PROG1\MENDELSIMULATION\MENDELSIMULATION\DEBUG\GENE.OBJ
C:\USERS\ATCHIMA\DESKTOP\UAH\CS307\PROG1\MENDELSIMULATION\MENDELSIMULATION\DEBUG\GENEMASTER.OBJ
C:\USERS\ATCHIMA\DESKTOP\UAH\CS307\PROG1\MENDELSIMULATION\MENDELSIMULATION\DEBUG\GENETICSSIMDATAPARSER.OBJ
C:\USERS\ATCHIMA\DESKTOP\UAH\CS307\PROG1\MENDELSIMULATION\MENDELSIMULATION\DEBUG\MAIN.OBJ
C:\USERS\ATCHIMA\DESKTOP\UAH\CS307\PROG1\MENDELSIMULATION\MENDELSIMULATION\DEBUG\OFFSPRINGREADER.OBJ
C:\USERS\ATCHIMA\DESKTOP\UAH\CS307\PROG1\MENDELSIMULATION\MENDELSIMULATION\DEBUG\ORGANISM.OBJ
C:\USERS\ATCHIMA\DESKTOP\UAH\CS307\PROG1\MENDELSIMULATION\MENDELSIMULATION\DEBUG\SIMULATION.OBJ
C:\USERS\ATCHIMA\DESKTOP\UAH\CS307\PROG1\MENDELSIMULATION\MENDELSIMULATION\DEBUG\VC110.PDB
C:\USERS\ATCHIMA\DESKTOP\UAH\CS307\PROG1\MENDELSIMULATION\DEBUG\MENDELSIMULATION.ILK
C:\USERS\ATCHIMA\DESKTOP\UAH\CS307\PROG1\MENDELSIMULATION\DEBUG\MENDELSIMULATION.EXE
C:\USERS\ATCHIMA\DESKTOP\UAH\CS307\PROG1\MENDELSIMULATION\DEBUG\MENDELSIMULATION.PDB
C:\Users\Atchima\Desktop\UAH\CS307\Prog1\MendelSimulation\MendelSimulation\Debug\BinaryTree.obj
C:\Users\Atchima\Desktop\UAH\CS307\Prog1\MendelSimulation\MendelSimulation\Debug\Breed.obj
C:\Users\Atchima\Desktop\UAH\CS307\Prog1\MendelSimulation\MendelSimulation\Debug\Gene.obj
C:\Users\Atchima\Desktop\UAH\CS307\Prog1\MendelSimulation\MendelSimulation\Debug\GeneMaster.obj
C:\Users\Atchima\Desktop\UAH\CS307\Prog1\MendelSimulation\MendelSimulation\Debug\GeneticsSimDataParser.obj
C:\Users\Atchima\Desktop\UAH\CS307\Prog1\MendelSimulation\MendelSimulation\Debug\Main.obj
C:\Users\Atchima\Desktop\UAH\CS307\Prog1\MendelSimulation\MendelSimulation\Debug\OffspringReader.obj
C:\Users\Atchima\Desktop\UAH\CS307\Prog1\MendelSimulation\MendelSimulation\Debug\Organism.obj
C:\Users\Atchima\Desktop\UAH\CS307\Prog1\MendelSimulation\MendelSimulation\Debug\Simulation.obj
C:\Users\Atchima\Desktop\UAH\CS307\Prog1\MendelSimulation\MendelSimulation\Debug\cl.command.1.tlog
C:\Users\Atchima\Desktop\UAH\CS307\Prog1\MendelSimulation\MendelSimulation\Debug\CL.read.1.tlog
C:\Users\Atchima\Desktop\UAH\CS307\Prog1\MendelSimulation\MendelSimulation\Debug\CL.write.1.tlog
C:\Users\Atchima\Desktop\UAH\CS307\Prog1\MendelSimulation\MendelSimulation\Debug\link-cvtres.read.1.tlog
C:\Users\Atchima\Desktop\UAH\CS307\Prog1\MendelSimulation\MendelSimulation\Debug\link-cvtres.write.1.tlog
C:\Users\Atchima\Desktop\UAH\CS307\Prog1\MendelSimulation\MendelSimulation\Debug\link-rc.read.1.tlog
C:\Users\Atchima\Desktop\UAH\CS307\Prog1\MendelSimulation\MendelSimulation\Debug\link-rc.write.1.tlog
C:\Users\Atchima\Desktop\UAH\CS307\Prog1\MendelSimulation\MendelSimulation\Debug\link.command.1.tlog
C:\Users\Atchima\Desktop\UAH\CS307\Prog1\MendelSimulation\MendelSimulation\Debug\link.read.1.tlog
C:\Users\Atchima\Desktop\UAH\CS307\Prog1\MendelSimulation\MendelSimulation\Debug\link.write.1.tlog
C:\Users\Atchima\Desktop\UAH\CS307\Prog1\MendelSimulation\MendelSimulation\Debug\vc110.idb
C:\Users\Atchima\Desktop\UAH\CS307\Prog1\MendelSimulation\MendelSimulation\Debug\vc110.pdb
C:\Users\Atchima\Desktop\UAH\CS307\Prog1\MendelSimulation\Debug\MendelSimulation.pdb
C:\Users\Atchima\Desktop\UAH\CS307\Prog1\MendelSimulation\Debug\MendelSimulation.exe
C:\Users\Atchima\Desktop\UAH\CS307\Prog1\MendelSimulation\Debug\MendelSimulation.ilk
